Building DAG of jobs...
Provided cores: 1 (use --cores to define parallelism)
Rules claiming more threads will be scaled down.
Job stats:
job             count    min threads    max threads
------------  -------  -------------  -------------
all                 1              1              1
count_words         4              1              1
make_archive        1              1              1
make_plot           4              1              1
zipf_test           1              1              1
total              11              1              1

Select jobs to execute...

[Tue Mar 29 10:53:11 2022]
rule count_words:
    input: source/wordcount.py, data/last.txt
    output: processed_data/last.dat
    log: processed_data/last.log
    jobid: 7
    wildcards: file=last
    resources: tmpdir=C:\Users\ntr002\AppData\Local\Temp

[Tue Mar 29 10:53:12 2022]
Finished job 7.
1 of 11 steps (9%) done
Select jobs to execute...

[Tue Mar 29 10:53:12 2022]
rule make_plot:
    input: source/plotcount.py, processed_data/last.dat
    output: results/last.png
    jobid: 6
    wildcards: file=last
    resources: tmpdir=C:\Users\ntr002\AppData\Local\Temp

[Tue Mar 29 10:53:14 2022]
Error in rule make_plot:
    jobid: 6
    output: results/last.png
    shell:
        python source/plotcount.py processed_data/last.dat results/last.png
        (one of the commands exited with non-zero exit code; note that snakemake uses bash strict mode!)

Shutting down, this might take some time.
Exiting because a job execution failed. Look above for error message
Complete log: D:\Doctorate\training\TUDelft\CodeRefinery\word-count\.snakemake\log\2022-03-29T105311.527454.snakemake.log
